<?xml version="1.0" encoding="UTF-8"?>
<!-- Generated by org.testng.reporters.JUnitXMLReporter -->
<testsuite ignored="2" hostname="DESKTOP-P1FLGCK" failures="0" tests="1" name="Default test" time="6.294" errors="0" timestamp="2025-04-21T21:10:50 AST">
  <testcase classname="codenboxautomationlab.AppType" name="selectButton" time="0.266"/>
  <testcase classname="codenboxautomationlab.AppType" name="RadioButton" time="0.0">
    <ignored/>
  </testcase> <!-- RadioButton -->
  <testcase classname="codenboxautomationlab.AppType" name="Dynamic_Dropdown" time="0.0">
    <ignored/>
  </testcase> <!-- Dynamic_Dropdown -->
</testsuite> <!-- Default test -->
