<?xml version="1.0" encoding="UTF-8"?>
<testng-results ignored="0" total="1" passed="1" failed="0" skipped="0">
  <reporter-output>
  </reporter-output>
  <suite started-at="2025-04-21T21:10:43 AST" name="Default suite" finished-at="2025-04-21T21:10:50 AST" duration-ms="6294">
    <groups>
    </groups>
    <test started-at="2025-04-21T21:10:43 AST" name="Default test" finished-at="2025-04-21T21:10:50 AST" duration-ms="6294">
      <class name="codenboxautomationlab.AppType">
        <test-method is-config="true" signature="mySetup()[pri:0, instance:codenboxautomationlab.AppType@19fe4644]" started-at="2025-04-21T21:10:43 AST" name="mySetup" finished-at="2025-04-21T21:10:49 AST" duration-ms="5977" status="PASS">
          <reporter-output>
          </reporter-output>
        </test-method> <!-- mySetup -->
        <test-method signature="selectButton()[pri:0, instance:codenboxautomationlab.AppType@19fe4644]" started-at="2025-04-21T21:10:49 AST" name="selectButton" finished-at="2025-04-21T21:10:50 AST" duration-ms="266" status="PASS">
          <reporter-output>
          </reporter-output>
        </test-method> <!-- selectButton -->
      </class> <!-- codenboxautomationlab.AppType -->
    </test> <!-- Default test -->
  </suite> <!-- Default suite -->
</testng-results>
